<?xml version="1.0" encoding="UTF-8" standalone="no"?>
<testsuite failures="0" name="cucumber.runtime.formatter.JUnitFormatter" skipped="0" tests="3" time="29.919179">
<testcase classname="Test Facebook" name="Test login with cred" time="11.016219">
<system-out><![CDATA[Given Open Chrome and start applicaiton.....................................passed
When I enter "Abhijeet" and password........................................passed
Then User should be login successfully......................................passed
]]></system-out>
</testcase>
<testcase classname="Test Facebook" name="Test login with cred 2" time="9.438544">
<system-out><![CDATA[Given Open Chrome and start applicaiton.....................................passed
When I enter "vishal" and password..........................................passed
Then User should be login successfully......................................passed
]]></system-out>
</testcase>
<testcase classname="Test Facebook" name="Test login with cred 3" time="9.464416">
<system-out><![CDATA[Given Open Chrome and start applicaiton.....................................passed
When I enter "Jayanta" and password.........................................passed
Then User should be login successfully......................................passed
]]></system-out>
</testcase>
</testsuite>
